(.venv) (base) mwardynski@Marcins-MBP-3 simulations % python opt_simulation_SCM.py ALL 6                            
[I 2024-11-02 10:25:03,243] A new study created in memory with name: no-name-df3f1003-759b-4692-872e-5249727bfe25
100%|████████████████████████████████████████████████████████████████████████████████████████████████████████████| 212/212 [1:16:47<00:00, 21.73s/it]
[I 2024-11-02 11:53:47,245] Trial 0 finished with value: 0.0049 and parameters: {'w_th': 0.7452567854491585}. Best is trial 0 with value: 0.0049.
100%|████████████████████████████████████████████████████████████████████████████████████████████████████████████| 212/212 [1:12:54<00:00, 20.64s/it]
[I 2024-11-02 13:07:37,277] Trial 1 finished with value: 0.0039 and parameters: {'w_th': 0.6517304783834994}. Best is trial 1 with value: 0.0039.
100%|████████████████████████████████████████████████████████████████████████████████████████████████████████████| 212/212 [1:10:10<00:00, 19.86s/it]
[I 2024-11-02 14:20:20,712] Trial 2 finished with value: 0.0038 and parameters: {'w_th': 0.6524573096532418}. Best is trial 2 with value: 0.0038.
100%|████████████████████████████████████████████████████████████████████████████████████████████████████████████| 212/212 [1:20:48<00:00, 22.87s/it]
[I 2024-11-02 15:53:43,684] Trial 3 finished with value: 0.0042 and parameters: {'w_th': 0.722198487247038}. Best is trial 2 with value: 0.0038.
100%|████████████████████████████████████████████████████████████████████████████████████████████████████████████| 212/212 [1:26:20<00:00, 24.43s/it]
[I 2024-11-02 17:33:42,649] Trial 4 finished with value: 0.0042 and parameters: {'w_th': 0.7220618111637247}. Best is trial 2 with value: 0.0038.
100%|████████████████████████████████████████████████████████████████████████████████████████████████████████████| 212/212 [1:24:13<00:00, 23.84s/it]
[I 2024-11-02 19:00:34,607] Trial 5 finished with value: 0.0041 and parameters: {'w_th': 0.7045887985830789}. Best is trial 2 with value: 0.0038.
Best parameters: {'w_th': 0.6524573096532418}
Minimal MSE: 0.0038
(.venv) (base) mwardynski@Marcins-MBP-3 simulations % python opt_simulation_SCM.py ALL 8
[I 2024-11-02 21:36:45,397] A new study created in memory with name: no-name-d2900ab7-813f-47b2-97f9-4af1edecdb19
100%|████████████████████████████████████████████████████████████████████████████████████████████████████████████| 212/212 [1:03:47<00:00, 18.05s/it]
[I 2024-11-02 22:42:01,454] Trial 0 finished with value: 0.0062 and parameters: {'w_th': 0.28396837288575894}. Best is trial 0 with value: 0.0062.
100%|████████████████████████████████████████████████████████████████████████████████████████████████████████████| 212/212 [1:03:27<00:00, 17.96s/it]
[I 2024-11-02 23:46:55,107] Trial 1 finished with value: 0.0063 and parameters: {'w_th': 0.34207621471825794}. Best is trial 0 with value: 0.0062.
100%|████████████████████████████████████████████████████████████████████████████████████████████████████████████| 212/212 [1:01:58<00:00, 17.54s/it]
[I 2024-11-03 00:50:43,477] Trial 2 finished with value: 0.0057 and parameters: {'w_th': 0.5228416603528286}. Best is trial 2 with value: 0.0057.
100%|████████████████████████████████████████████████████████████████████████████████████████████████████████████| 212/212 [1:03:52<00:00, 18.08s/it]
[I 2024-11-03 01:56:05,564] Trial 3 finished with value: 0.0062 and parameters: {'w_th': 0.213962278513518}. Best is trial 2 with value: 0.0057.
100%|████████████████████████████████████████████████████████████████████████████████████████████████████████████| 212/212 [1:21:54<00:00, 23.18s/it]
[I 2024-11-03 03:41:43,172] Trial 4 finished with value: 0.0022 and parameters: {'w_th': 0.7738562006835172}. Best is trial 4 with value: 0.0022.
[W 2024-11-03 03:42:18,522] Trial 5 failed with parameters: {} because of the following error: OSError(6, 'Device not configured').


(.venv) (base) mwardynski@Marcins-MBP-3 simulations % python opt_simulation_SCM.py ALL 8
[I 2024-11-03 09:53:09,277] A new study created in memory with name: no-name-afaa4b96-a045-48a6-a3c8-ce6a83764caa
100%|████████████████████████████████████████████████████████████████████████████████████████████████████████████| 212/212 [1:17:14<00:00, 21.86s/it]
[I 2024-11-03 11:23:41,452] Trial 0 finished with value: 0.0047 and parameters: {'w_th': 0.7355562389095868}. Best is trial 0 with value: 0.0047.
100%|████████████████████████████████████████████████████████████████████████████████████████████████████████████| 212/212 [1:47:45<00:00, 30.50s/it]
[I 2024-11-03 14:13:42,186] Trial 1 finished with value: 0.001 and parameters: {'w_th': 0.7957179574994729}. Best is trial 1 with value: 0.001.
 22%|███████████████████████▉    

 ================================================================================================

0.75-0.9
 (.venv) (base) mwardynski@Marcins-MacBook-Pro-3 simulations % python opt_simulation_SCM.py ALL 8
[I 2024-11-04 21:17:56,934] A new study created in memory with name: no-name-24b147f1-7717-41b8-b4d1-6505b636e33e
100%|██████████████████████████████████████████████████████████████████████████████████████████████| 212/212 [58:18<00:00, 16.50s/it]
[I 2024-11-04 22:17:45,013] Trial 0 finished with value: 0.0061 and parameters: {'w_th': 0.8378557447401598}. Best is trial 0 with value: 0.0061.
100%|████████████████████████████████████████████████████████████████████████████████████████████| 212/212 [1:03:52<00:00, 18.08s/it]
[I 2024-11-04 23:23:01,211] Trial 1 finished with value: 0.0061 and parameters: {'w_th': 0.8719938745861748}. Best is trial 0 with value: 0.0061.
100%|██████████████████████████████████████████████████████████████████████████████████████████████| 212/212 [56:18<00:00, 15.94s/it]
[I 2024-11-05 00:20:40,485] Trial 2 finished with value: 0.0061 and parameters: {'w_th': 0.8660019057725139}. Best is trial 0 with value: 0.0061.
100%|██████████████████████████████████████████████████████████████████████████████████████████████| 212/212 [58:11<00:00, 16.47s/it]
[I 2024-11-05 01:20:06,936] Trial 3 finished with value: 0.0062 and parameters: {'w_th': 0.7589573789143684}. Best is trial 0 with value: 0.0061.
100%|██████████████████████████████████████████████████████████████████████████████████████████████| 212/212 [58:14<00:00, 16.48s/it]
[I 2024-11-05 02:19:42,213] Trial 4 finished with value: 0.0062 and parameters: {'w_th': 0.7555252515998652}. Best is trial 0 with value: 0.0061.
100%|████████████████████████████████████████████████████████████████████████████████████████████| 212/212 [1:05:39<00:00, 18.58s/it]
[I 2024-11-05 03:26:40,996] Trial 5 finished with value: 0.0061 and parameters: {'w_th': 0.7894805136562368}. Best is trial 0 with value: 0.0061.
100%|████████████████████████████████████████████████████████████████████████████████████████████| 212/212 [1:02:13<00:00, 17.61s/it]
[I 2024-11-05 04:30:16,720] Trial 6 finished with value: 0.0062 and parameters: {'w_th': 0.7716970846361914}. Best is trial 0 with value: 0.0061.
100%|██████████████████████████████████████████████████████████████████████████████████████████████| 212/212 [58:46<00:00, 16.63s/it]
[I 2024-11-05 05:30:25,550] Trial 7 finished with value: 0.0061 and parameters: {'w_th': 0.8116373755241361}. Best is trial 0 with value: 0.0061.

0.1-0.5
(.venv) (base) mwardynski@Marcins-MacBook-Pro-3 simulations % python opt_simulation_SCM.py ALL 8
[I 2024-11-06 00:22:19,915] A new study created in memory with name: no-name-8c672ab8-4146-4eaa-9a80-8a8cd47db579
100%|██████████████████████████████████████████████████████████████████████████████████████████████████████████████████████████| 212/212 [58:36<00:00, 16.59s/it]
[I 2024-11-06 01:22:15,849] Trial 0 finished with value: 0.0063 and parameters: {'w_th': 0.34571460371250595}. Best is trial 0 with value: 0.0063.
100%|████████████████████████████████████████████████████████████████████████████████████████████████████████████████████████| 212/212 [1:03:50<00:00, 18.07s/it]
[I 2024-11-06 02:27:22,092] Trial 1 finished with value: 0.0062 and parameters: {'w_th': 0.12820862536237373}. Best is trial 1 with value: 0.0062.
100%|██████████████████████████████████████████████████████████████████████████████████████████████████████████████████████████| 212/212 [59:43<00:00, 16.90s/it]
[I 2024-11-06 03:28:24,061] Trial 2 finished with value: 0.0062 and parameters: {'w_th': 0.10190834097456661}. Best is trial 1 with value: 0.0062.
100%|██████████████████████████████████████████████████████████████████████████████████████████████████████████████████████████| 212/212 [55:47<00:00, 15.79s/it]
[I 2024-11-06 04:25:30,500] Trial 3 finished with value: 0.0063 and parameters: {'w_th': 0.3968113784594264}. Best is trial 1 with value: 0.0062.
100%|████████████████████████████████████████████████████████████████████████████████████████████████████████████████████████| 212/212 [1:00:04<00:00, 17.00s/it]
[I 2024-11-06 05:26:53,878] Trial 4 finished with value: 0.0063 and parameters: {'w_th': 0.33937194326340814}. Best is trial 1 with value: 0.0062.
100%|██████████████████████████████████████████████████████████████████████████████████████████████████████████████████████████| 212/212 [55:35<00:00, 15.74s/it]
[I 2024-11-06 06:23:48,518] Trial 5 finished with value: 0.0063 and parameters: {'w_th': 0.3097123611117387}. Best is trial 1 with value: 0.0062.
100%|██████████████████████████████████████████████████████████████████████████████████████████████████████████████████████████| 212/212 [56:43<00:00, 16.05s/it]
[I 2024-11-06 07:21:49,625] Trial 6 finished with value: 0.0064 and parameters: {'w_th': 0.45492051340016937}. Best is trial 1 with value: 0.0062.
100%|██████████████████████████████████████████████████████████████████████████████████████████████████████████████████████████| 212/212 [59:56<00:00, 16.96s/it]
[I 2024-11-06 08:23:12,346] Trial 7 finished with value: 0.0063 and parameters: {'w_th': 0.41581107478160206}. Best is trial 1 with value: 0.0062.